#
# There is insufficient memory for the Java Runtime Environment to continue.
# Native memory allocation (malloc) failed to allocate 1941136 bytes. Error detail: Chunk::new
# Possible reasons:
#   The system is out of physical RAM or swap space
#   This process is running with CompressedOops enabled, and the Java Heap may be blocking the growth of the native heap
# Possible solutions:
#   Reduce memory load on the system
#   Increase physical memory or swap space
#   Check if swap backing store is full
#   Decrease Java heap size (-Xmx/-Xms)
#   Decrease number of Java threads
#   Decrease Java thread stack sizes (-Xss)
#   Set larger code cache with -XX:ReservedCodeCacheSize=
#   JVM is running with Unscaled Compressed Oops mode in which the Java heap is
#     placed in the first 4GB address space. The Java Heap base address is the
#     maximum limit for the native heap growth. Please use -XX:HeapBaseMinAddress
#     to set the Java Heap base and to place the Java Heap above 4GB virtual address.
# This output file may be truncated or incomplete.
#
#  Out of Memory Error (arena.cpp:191), pid=15428, tid=11600
#
# JRE version: OpenJDK Runtime Environment Temurin-17.0.13+11 (17.0.13+11) (build 17.0.13+11)
# Java VM: OpenJDK 64-Bit Server VM Temurin-17.0.13+11 (17.0.13+11, mixed mode, tiered, compressed oops, compressed class ptrs, parallel gc, windows-amd64)
# No core dump will be written. Minidumps are not enabled by default on client versions of Windows
#

---------------  S U M M A R Y ------------

Command Line: --add-modules=ALL-SYSTEM --add-opens=java.base/java.util=ALL-UNNAMED --add-opens=java.base/java.lang=ALL-UNNAMED --add-opens=java.base/sun.nio.fs=ALL-UNNAMED -Declipse.application=org.eclipse.jdt.ls.core.id1 -Dosgi.bundles.defaultStartLevel=4 -Declipse.product=org.eclipse.jdt.ls.core.product -Djava.import.generatesMetadataFilesAtProjectRoot=false -DDetectVMInstallationsJob.disabled=true -Dfile.encoding=utf8 -XX:+UseParallelGC -XX:GCTimeRatio=4 -XX:AdaptiveSizePolicyWeight=90 -Dsun.zip.disableMemoryMapping=true -Xmx1G -Xms100m -Xlog:disable -javaagent:c:\Users\hp5cd\.vscode\extensions\redhat.java-1.37.0-win32-x64\lombok\lombok-1.18.34.jar c:\Users\hp5cd\.vscode\extensions\redhat.java-1.37.0-win32-x64\server\plugins\org.eclipse.equinox.launcher_1.6.900.v20240613-2009.jar -configuration c:\Users\hp5cd\AppData\Roaming\Code\User\globalStorage\redhat.java\1.37.0\config_ss_win -data c:\Users\hp5cd\AppData\Roaming\Code\User\workspaceStorage\14ee11fea7738b3807014670cc13a576\redhat.java\ss_ws --pipe=\\.\pipe\lsp-80172e36af69725e79a868bbac7cdba6-sock

Host: 12th Gen Intel(R) Core(TM) i3-1215U, 8 cores, 15G,  Windows 11 , 64 bit Build 22621 (10.0.22621.4391)
Time: Thu Dec  5 22:52:02 2024 India Standard Time elapsed time: 5.304869 seconds (0d 0h 0m 5s)

---------------  T H R E A D  ---------------

Current thread (0x00000226e1d3fe10):  JavaThread "C2 CompilerThread0" daemon [_thread_in_native, id=11600, stack(0x00000091a3b00000,0x00000091a3c00000)]


Current CompileTask:
C2:   5304 2446       4       org.lombokweb.asm.ClassReader::readMethod (1066 bytes)

Stack: [0x00000091a3b00000,0x00000091a3c00000]
Native frames: (J=compiled Java code, j=interpreted, Vv=VM code, C=native code)
V  [jvm.dll+0x682a19]
V  [jvm.dll+0x839538]
V  [jvm.dll+0x83afe3]
V  [jvm.dll+0x83b653]
V  [jvm.dll+0x24704f]
V  [jvm.dll+0xace34]
V  [jvm.dll+0xad4cc]
V  [jvm.dll+0x36592f]
V  [jvm.dll+0x1ba793]
V  [jvm.dll+0x2181a7]
V  [jvm.dll+0x21748f]
V  [jvm.dll+0x1a3070]
V  [jvm.dll+0x22788c]
V  [jvm.dll+0x2259eb]
V  [jvm.dll+0x7eec98]
V  [jvm.dll+0x7e8ffc]
V  [jvm.dll+0x6818f7]
C  [ucrtbase.dll+0x29333]
C  [KERNEL32.DLL+0x1259d]
C  [ntdll.dll+0x5af38]


---------------  P R O C E S S  ---------------

Threads class SMR info:
_java_thread_list=0x00000226e3a5a700, length=22, elements={
0x00000226c8bce610, 0x00000226e1d07030, 0x00000226e1d081a0, 0x00000226e1d34f20,
0x00000226e1d35ae0, 0x00000226e1d37e00, 0x00000226e1d3ddd0, 0x00000226e1d3fe10,
0x00000226e1d49780, 0x00000226e1db2030, 0x00000226c8c34a50, 0x00000226e20b5630,
0x00000226e3702340, 0x00000226e3634860, 0x00000226e3680010, 0x00000226e3851900,
0x00000226e385a1f0, 0x00000226e2e79790, 0x00000226e391c9c0, 0x00000226e2e79ca0,
0x00000226e2e7b0e0, 0x00000226e2e7a6c0
}

Java Threads: ( => current thread )
  0x00000226c8bce610 JavaThread "main" [_thread_blocked, id=13152, stack(0x00000091a3200000,0x00000091a3300000)]
  0x00000226e1d07030 JavaThread "Reference Handler" daemon [_thread_blocked, id=4648, stack(0x00000091a3500000,0x00000091a3600000)]
  0x00000226e1d081a0 JavaThread "Finalizer" daemon [_thread_blocked, id=19104, stack(0x00000091a3600000,0x00000091a3700000)]
  0x00000226e1d34f20 JavaThread "Signal Dispatcher" daemon [_thread_blocked, id=7080, stack(0x00000091a3700000,0x00000091a3800000)]
  0x00000226e1d35ae0 JavaThread "Attach Listener" daemon [_thread_blocked, id=5876, stack(0x00000091a3800000,0x00000091a3900000)]
  0x00000226e1d37e00 JavaThread "Service Thread" daemon [_thread_blocked, id=15272, stack(0x00000091a3900000,0x00000091a3a00000)]
  0x00000226e1d3ddd0 JavaThread "Monitor Deflation Thread" daemon [_thread_blocked, id=22312, stack(0x00000091a3a00000,0x00000091a3b00000)]
=>0x00000226e1d3fe10 JavaThread "C2 CompilerThread0" daemon [_thread_in_native, id=11600, stack(0x00000091a3b00000,0x00000091a3c00000)]
  0x00000226e1d49780 JavaThread "C1 CompilerThread0" daemon [_thread_in_vm, id=7408, stack(0x00000091a3c00000,0x00000091a3d00000)]
  0x00000226e1db2030 JavaThread "Sweeper thread" daemon [_thread_blocked, id=23104, stack(0x00000091a3d00000,0x00000091a3e00000)]
  0x00000226c8c34a50 JavaThread "Common-Cleaner" daemon [_thread_blocked, id=20032, stack(0x00000091a3e00000,0x00000091a3f00000)]
  0x00000226e20b5630 JavaThread "Notification Thread" daemon [_thread_blocked, id=22816, stack(0x00000091a4100000,0x00000091a4200000)]
  0x00000226e3702340 JavaThread "Active Thread: Equinox Container: 47bc8ca6-8412-4e43-88a8-bc6eee8f82a0" [_thread_blocked, id=21932, stack(0x00000091a4000000,0x00000091a4100000)]
  0x00000226e3634860 JavaThread "Framework Event Dispatcher: Equinox Container: 47bc8ca6-8412-4e43-88a8-bc6eee8f82a0" daemon [_thread_blocked, id=16656, stack(0x00000091a4a00000,0x00000091a4b00000)]
  0x00000226e3680010 JavaThread "Start Level: Equinox Container: 47bc8ca6-8412-4e43-88a8-bc6eee8f82a0" daemon [_thread_in_vm, id=21628, stack(0x00000091a4b00000,0x00000091a4c00000)]
  0x00000226e3851900 JavaThread "SCR Component Actor" daemon [_thread_blocked, id=6036, stack(0x00000091a4c00000,0x00000091a4d00000)]
  0x00000226e385a1f0 JavaThread "SCR Component Registry" daemon [_thread_blocked, id=15308, stack(0x00000091a4d00000,0x00000091a4e00000)]
  0x00000226e2e79790 JavaThread "Worker-JM" [_thread_blocked, id=11648, stack(0x00000091a3f00000,0x00000091a4000000)]
  0x00000226e391c9c0 JavaThread "C2 CompilerThread1" daemon [_thread_blocked, id=1360, stack(0x00000091a4e00000,0x00000091a4f00000)]
  0x00000226e2e79ca0 JavaThread "JNA Cleaner" daemon [_thread_blocked, id=6680, stack(0x00000091a4f00000,0x00000091a5000000)]
  0x00000226e2e7b0e0 JavaThread "Worker-0" [_thread_blocked, id=1588, stack(0x00000091a5000000,0x00000091a5100000)]
  0x00000226e2e7a6c0 JavaThread "Worker-1" [_thread_blocked, id=22592, stack(0x00000091a5100000,0x00000091a5200000)]

Other Threads:
  0x00000226e1cf0c20 VMThread "VM Thread" [stack: 0x00000091a3400000,0x00000091a3500000] [id=9896]
  0x00000226e2018e80 WatcherThread [stack: 0x00000091a4200000,0x00000091a4300000] [id=12256]
  0x00000226c8be8f00 GCTaskThread "GC Thread#0" [stack: 0x00000091a3300000,0x00000091a3400000] [id=21104]
  0x00000226e2f596b0 GCTaskThread "GC Thread#1" [stack: 0x00000091a4300000,0x00000091a4400000] [id=7012]
  0x00000226e35afbe0 GCTaskThread "GC Thread#2" [stack: 0x00000091a4400000,0x00000091a4500000] [id=14552]
  0x00000226e318d860 GCTaskThread "GC Thread#3" [stack: 0x00000091a4500000,0x00000091a4600000] [id=22472]
  0x00000226e318db20 GCTaskThread "GC Thread#4" [stack: 0x00000091a4600000,0x00000091a4700000] [id=17288]
  0x00000226e35a9370 GCTaskThread "GC Thread#5" [stack: 0x00000091a4700000,0x00000091a4800000] [id=21196]
  0x00000226e35a9630 GCTaskThread "GC Thread#6" [stack: 0x00000091a4800000,0x00000091a4900000] [id=2104]
  0x00000226e384f580 GCTaskThread "GC Thread#7" [stack: 0x00000091a4900000,0x00000091a4a00000] [id=18156]

Threads with active compile tasks:
C2 CompilerThread0     5317 2446       4       org.lombokweb.asm.ClassReader::readMethod (1066 bytes)
C1 CompilerThread0     5317 2575       3       com.sun.org.apache.xerces.internal.parsers.XML11Configuration::getPropertyState (23 bytes)

VM state: not at safepoint (normal execution)

VM Mutex/Monitor currently owned by a thread:  ([mutex/lock_event])
[0x00000226c8bc9700] Metaspace_lock - owner thread: 0x00000226e3680010
[0x00000226c8bc9a20] MethodData_lock - owner thread: 0x00000226e1d49780

Heap address: 0x00000000c0000000, size: 1024 MB, Compressed Oops mode: 32-bit

CDS archive(s) not mapped
Compressed class space mapped at: 0x0000000100000000-0x0000000140000000, reserved size: 1073741824
Narrow klass base: 0x0000000000000000, Narrow klass shift: 3, Narrow klass range: 0x140000000

GC Precious Log:
 CPUs: 8 total, 8 available
 Memory: 16055M
 Large Page Support: Disabled
 NUMA Support: Disabled
 Compressed Oops: Enabled (32-bit)
 Alignments: Space 512K, Generation 512K, Heap 2M
 Heap Min Capacity: 100M
 Heap Initial Capacity: 100M
 Heap Max Capacity: 1G
 Pre-touch: Disabled
 Parallel Workers: 8

Heap:
 PSYoungGen      total 27136K, used 20697K [0x00000000eab00000, 0x00000000ec980000, 0x0000000100000000)
  eden space 24576K, 75% used [0x00000000eab00000,0x00000000ebd28218,0x00000000ec300000)
  from space 2560K, 82% used [0x00000000ec700000,0x00000000ec90e370,0x00000000ec980000)
  to   space 2560K, 0% used [0x00000000ec480000,0x00000000ec480000,0x00000000ec700000)
 ParOldGen       total 68608K, used 6912K [0x00000000c0000000, 0x00000000c4300000, 0x00000000eab00000)
  object space 68608K, 10% used [0x00000000c0000000,0x00000000c06c03a8,0x00000000c4300000)
 Metaspace       used 29185K, committed 29696K, reserved 1114112K
  class space    used 2815K, committed 3072K, reserved 1048576K

Card table byte_map: [0x00000226c8560000,0x00000226c8770000] _byte_map_base: 0x00000226c7f60000

Marking Bits: (ParMarkBitMap*) 0x00007ffe0a956940
 Begin Bits: [0x00000226da860000, 0x00000226db860000)
 End Bits:   [0x00000226db860000, 0x00000226dc860000)

Polling page: 0x00000226c6b90000

Metaspace:

Usage:
  Non-class:     25.75 MB used.
      Class:      2.75 MB used.
       Both:     28.50 MB used.

Virtual space:
  Non-class space:       64.00 MB reserved,      26.00 MB ( 41%) committed,  1 nodes.
      Class space:        1.00 GB reserved,       3.00 MB ( <1%) committed,  1 nodes.
             Both:        1.06 GB reserved,      29.00 MB (  3%) committed. 

Chunk freelists:
   Non-Class:  5.16 MB
       Class:  13.04 MB
        Both:  18.20 MB

MaxMetaspaceSize: unlimited
CompressedClassSpaceSize: 1.00 GB
Initial GC threshold: 21.00 MB
Current GC threshold: 35.00 MB
CDS: off
MetaspaceReclaimPolicy: balanced
 - commit_granule_bytes: 65536.
 - commit_granule_words: 8192.
 - virtual_space_node_default_size: 8388608.
 - enlarge_chunks_in_place: 1.
 - new_chunks_are_fully_committed: 0.
 - uncommit_free_chunks: 1.
 - use_allocation_guard: 0.
 - handle_deallocations: 1.


Internal statistics:

num_allocs_failed_limit: 3.
num_arena_births: 306.
num_arena_deaths: 14.
num_vsnodes_births: 2.
num_vsnodes_deaths: 0.
num_space_committed: 464.
num_space_uncommitted: 0.
num_chunks_returned_to_freelist: 17.
num_chunks_taken_from_freelist: 1110.
num_chunk_merges: 8.
num_chunk_splits: 732.
num_chunks_enlarged: 515.
num_inconsistent_stats: 0.

CodeHeap 'non-profiled nmethods': size=120000Kb used=1051Kb max_used=1051Kb free=118948Kb
 bounds [0x00000226d3330000, 0x00000226d35a0000, 0x00000226da860000]
CodeHeap 'profiled nmethods': size=120000Kb used=5016Kb max_used=5016Kb free=114983Kb
 bounds [0x00000226cb860000, 0x00000226cbd50000, 0x00000226d2d90000]
CodeHeap 'non-nmethods': size=5760Kb used=1239Kb max_used=1260Kb free=4520Kb
 bounds [0x00000226d2d90000, 0x00000226d3000000, 0x00000226d3330000]
 total_blobs=3126 nmethods=2572 adapters=468
 compilation: enabled
              stopped_count=0, restarted_count=0
 full_count=0

Compilation events (20 events):
Event: 4.245 Thread 0x00000226e1d49780 2569       3       java.util.Properties::loadConvert (540 bytes)
Event: 4.246 Thread 0x00000226e1d49780 nmethod 2569 0x00000226cbd40290 code [0x00000226cbd40580, 0x00000226cbd41898]
Event: 4.246 Thread 0x00000226e1d49780 2566       3       jdk.internal.reflect.FieldAccessorImpl::<init> (5 bytes)
Event: 4.247 Thread 0x00000226e1d49780 nmethod 2566 0x00000226cbd41f10 code [0x00000226cbd420c0, 0x00000226cbd42278]
Event: 4.247 Thread 0x00000226e1d49780 2568       3       jdk.internal.reflect.UnsafeFieldAccessorImpl::<init> (56 bytes)
Event: 4.247 Thread 0x00000226e1d49780 nmethod 2568 0x00000226cbd42390 code [0x00000226cbd425c0, 0x00000226cbd42d38]
Event: 4.247 Thread 0x00000226e1d49780 2567       3       jdk.internal.reflect.UnsafeStaticObjectFieldAccessorImpl::set (54 bytes)
Event: 4.247 Thread 0x00000226e1d49780 nmethod 2567 0x00000226cbd43010 code [0x00000226cbd43240, 0x00000226cbd43aa8]
Event: 4.261 Thread 0x00000226e1d49780 2571       3       java.util.regex.Matcher::matches (10 bytes)
Event: 4.262 Thread 0x00000226e1d49780 nmethod 2571 0x00000226cbd43d90 code [0x00000226cbd43f20, 0x00000226cbd44068]
Event: 4.542 Thread 0x00000226e1d49780 2572       1       org.eclipse.core.internal.dtree.DataTreeNode::hasData (2 bytes)
Event: 5.293 Thread 0x00000226e1d49780 nmethod 2572 0x00000226d3434f90 code [0x00000226d3435120, 0x00000226d34351f8]
Event: 5.293 Thread 0x00000226e1d49780 2573       1       org.eclipse.core.internal.dtree.DataTreeNode::getData (5 bytes)
Event: 5.293 Thread 0x00000226e1d49780 nmethod 2573 0x00000226d3435290 code [0x00000226d3435420, 0x00000226d34354f8]
Event: 5.294 Thread 0x00000226e1d49780 2574   !   3       com.sun.org.apache.xerces.internal.utils.XMLSecurityManager::getSystemProperty (113 bytes)
Event: 5.295 Thread 0x00000226e1d49780 nmethod 2574 0x00000226cbd44110 code [0x00000226cbd44440, 0x00000226cbd456b8]
Event: 5.295 Thread 0x00000226e1d49780 2575       3       com.sun.org.apache.xerces.internal.parsers.XML11Configuration::getPropertyState (23 bytes)
Event: 5.295 Thread 0x00000226e391c9c0 nmethod 2563 0x00000226d3435590 code [0x00000226d3435740, 0x00000226d3436358]
Event: 5.295 Thread 0x00000226e391c9c0 2570       4       java.lang.reflect.Modifier::isStatic (13 bytes)
Event: 5.295 Thread 0x00000226e391c9c0 nmethod 2570 0x00000226d3436a90 code [0x00000226d3436c00, 0x00000226d3436c58]

GC Heap History (14 events):
Event: 1.724 GC heap before
{Heap before GC invocations=1 (full 0):
 PSYoungGen      total 29696K, used 25600K [0x00000000eab00000, 0x00000000ecc00000, 0x0000000100000000)
  eden space 25600K, 100% used [0x00000000eab00000,0x00000000ec400000,0x00000000ec400000)
  from space 4096K, 0% used [0x00000000ec800000,0x00000000ec800000,0x00000000ecc00000)
  to   space 4096K, 0% used [0x00000000ec400000,0x00000000ec400000,0x00000000ec800000)
 ParOldGen       total 68608K, used 0K [0x00000000c0000000, 0x00000000c4300000, 0x00000000eab00000)
  object space 68608K, 0% used [0x00000000c0000000,0x00000000c0000000,0x00000000c4300000)
 Metaspace       used 10928K, committed 11072K, reserved 1114112K
  class space    used 1090K, committed 1152K, reserved 1048576K
}
Event: 1.730 GC heap after
{Heap after GC invocations=1 (full 0):
 PSYoungGen      total 29696K, used 3197K [0x00000000eab00000, 0x00000000ecc00000, 0x0000000100000000)
  eden space 25600K, 0% used [0x00000000eab00000,0x00000000eab00000,0x00000000ec400000)
  from space 4096K, 78% used [0x00000000ec400000,0x00000000ec71f7a8,0x00000000ec800000)
  to   space 4096K, 0% used [0x00000000ec800000,0x00000000ec800000,0x00000000ecc00000)
 ParOldGen       total 68608K, used 16K [0x00000000c0000000, 0x00000000c4300000, 0x00000000eab00000)
  object space 68608K, 0% used [0x00000000c0000000,0x00000000c0004000,0x00000000c4300000)
 Metaspace       used 10928K, committed 11072K, reserved 1114112K
  class space    used 1090K, committed 1152K, reserved 1048576K
}
Event: 2.508 GC heap before
{Heap before GC invocations=2 (full 0):
 PSYoungGen      total 29696K, used 28797K [0x00000000eab00000, 0x00000000ecc00000, 0x0000000100000000)
  eden space 25600K, 100% used [0x00000000eab00000,0x00000000ec400000,0x00000000ec400000)
  from space 4096K, 78% used [0x00000000ec400000,0x00000000ec71f7a8,0x00000000ec800000)
  to   space 4096K, 0% used [0x00000000ec800000,0x00000000ec800000,0x00000000ecc00000)
 ParOldGen       total 68608K, used 16K [0x00000000c0000000, 0x00000000c4300000, 0x00000000eab00000)
  object space 68608K, 0% used [0x00000000c0000000,0x00000000c0004000,0x00000000c4300000)
 Metaspace       used 14785K, committed 14976K, reserved 1114112K
  class space    used 1497K, committed 1600K, reserved 1048576K
}
Event: 2.513 GC heap after
{Heap after GC invocations=2 (full 0):
 PSYoungGen      total 29696K, used 4084K [0x00000000eab00000, 0x00000000ecc00000, 0x0000000100000000)
  eden space 25600K, 0% used [0x00000000eab00000,0x00000000eab00000,0x00000000ec400000)
  from space 4096K, 99% used [0x00000000ec800000,0x00000000ecbfd000,0x00000000ecc00000)
  to   space 4096K, 0% used [0x00000000ec400000,0x00000000ec400000,0x00000000ec800000)
 ParOldGen       total 68608K, used 836K [0x00000000c0000000, 0x00000000c4300000, 0x00000000eab00000)
  object space 68608K, 1% used [0x00000000c0000000,0x00000000c00d1370,0x00000000c4300000)
 Metaspace       used 14785K, committed 14976K, reserved 1114112K
  class space    used 1497K, committed 1600K, reserved 1048576K
}
Event: 3.052 GC heap before
{Heap before GC invocations=3 (full 0):
 PSYoungGen      total 29696K, used 29684K [0x00000000eab00000, 0x00000000ecc00000, 0x0000000100000000)
  eden space 25600K, 100% used [0x00000000eab00000,0x00000000ec400000,0x00000000ec400000)
  from space 4096K, 99% used [0x00000000ec800000,0x00000000ecbfd000,0x00000000ecc00000)
  to   space 4096K, 0% used [0x00000000ec400000,0x00000000ec400000,0x00000000ec800000)
 ParOldGen       total 68608K, used 836K [0x00000000c0000000, 0x00000000c4300000, 0x00000000eab00000)
  object space 68608K, 1% used [0x00000000c0000000,0x00000000c00d1370,0x00000000c4300000)
 Metaspace       used 19787K, committed 20096K, reserved 1114112K
  class space    used 2022K, committed 2176K, reserved 1048576K
}
Event: 3.056 GC heap after
{Heap after GC invocations=3 (full 0):
 PSYoungGen      total 29696K, used 4092K [0x00000000eab00000, 0x00000000ecc00000, 0x0000000100000000)
  eden space 25600K, 0% used [0x00000000eab00000,0x00000000eab00000,0x00000000ec400000)
  from space 4096K, 99% used [0x00000000ec400000,0x00000000ec7ff2c8,0x00000000ec800000)
  to   space 4096K, 0% used [0x00000000ec800000,0x00000000ec800000,0x00000000ecc00000)
 ParOldGen       total 68608K, used 2492K [0x00000000c0000000, 0x00000000c4300000, 0x00000000eab00000)
  object space 68608K, 3% used [0x00000000c0000000,0x00000000c026f3d0,0x00000000c4300000)
 Metaspace       used 19787K, committed 20096K, reserved 1114112K
  class space    used 2022K, committed 2176K, reserved 1048576K
}
Event: 3.170 GC heap before
{Heap before GC invocations=4 (full 0):
 PSYoungGen      total 29696K, used 10968K [0x00000000eab00000, 0x00000000ecc00000, 0x0000000100000000)
  eden space 25600K, 26% used [0x00000000eab00000,0x00000000eb1b6fa8,0x00000000ec400000)
  from space 4096K, 99% used [0x00000000ec400000,0x00000000ec7ff2c8,0x00000000ec800000)
  to   space 4096K, 0% used [0x00000000ec800000,0x00000000ec800000,0x00000000ecc00000)
 ParOldGen       total 68608K, used 2492K [0x00000000c0000000, 0x00000000c4300000, 0x00000000eab00000)
  object space 68608K, 3% used [0x00000000c0000000,0x00000000c026f3d0,0x00000000c4300000)
 Metaspace       used 21048K, committed 21504K, reserved 1114112K
  class space    used 2152K, committed 2368K, reserved 1048576K
}
Event: 3.173 GC heap after
{Heap after GC invocations=4 (full 0):
 PSYoungGen      total 29696K, used 4088K [0x00000000eab00000, 0x00000000ecc00000, 0x0000000100000000)
  eden space 25600K, 0% used [0x00000000eab00000,0x00000000eab00000,0x00000000ec400000)
  from space 4096K, 99% used [0x00000000ec800000,0x00000000ecbfe000,0x00000000ecc00000)
  to   space 4096K, 0% used [0x00000000ec400000,0x00000000ec400000,0x00000000ec800000)
 ParOldGen       total 68608K, used 2964K [0x00000000c0000000, 0x00000000c4300000, 0x00000000eab00000)
  object space 68608K, 4% used [0x00000000c0000000,0x00000000c02e53f0,0x00000000c4300000)
 Metaspace       used 21048K, committed 21504K, reserved 1114112K
  class space    used 2152K, committed 2368K, reserved 1048576K
}
Event: 3.173 GC heap before
{Heap before GC invocations=5 (full 1):
 PSYoungGen      total 29696K, used 4088K [0x00000000eab00000, 0x00000000ecc00000, 0x0000000100000000)
  eden space 25600K, 0% used [0x00000000eab00000,0x00000000eab00000,0x00000000ec400000)
  from space 4096K, 99% used [0x00000000ec800000,0x00000000ecbfe000,0x00000000ecc00000)
  to   space 4096K, 0% used [0x00000000ec400000,0x00000000ec400000,0x00000000ec800000)
 ParOldGen       total 68608K, used 2964K [0x00000000c0000000, 0x00000000c4300000, 0x00000000eab00000)
  object space 68608K, 4% used [0x00000000c0000000,0x00000000c02e53f0,0x00000000c4300000)
 Metaspace       used 21048K, committed 21504K, reserved 1114112K
  class space    used 2152K, committed 2368K, reserved 1048576K
}
Event: 3.192 GC heap after
{Heap after GC invocations=5 (full 1):
 PSYoungGen      total 29696K, used 0K [0x00000000eab00000, 0x00000000ecc00000, 0x0000000100000000)
  eden space 25600K, 0% used [0x00000000eab00000,0x00000000eab00000,0x00000000ec400000)
  from space 4096K, 0% used [0x00000000ec800000,0x00000000ec800000,0x00000000ecc00000)
  to   space 4096K, 0% used [0x00000000ec400000,0x00000000ec400000,0x00000000ec800000)
 ParOldGen       total 68608K, used 6904K [0x00000000c0000000, 0x00000000c4300000, 0x00000000eab00000)
  object space 68608K, 10% used [0x00000000c0000000,0x00000000c06be3a8,0x00000000c4300000)
 Metaspace       used 21035K, committed 21504K, reserved 1114112K
  class space    used 2148K, committed 2368K, reserved 1048576K
}
Event: 3.614 GC heap before
{Heap before GC invocations=6 (full 1):
 PSYoungGen      total 29696K, used 25600K [0x00000000eab00000, 0x00000000ecc00000, 0x0000000100000000)
  eden space 25600K, 100% used [0x00000000eab00000,0x00000000ec400000,0x00000000ec400000)
  from space 4096K, 0% used [0x00000000ec800000,0x00000000ec800000,0x00000000ecc00000)
  to   space 4096K, 0% used [0x00000000ec400000,0x00000000ec400000,0x00000000ec800000)
 ParOldGen       total 68608K, used 6904K [0x00000000c0000000, 0x00000000c4300000, 0x00000000eab00000)
  object space 68608K, 10% used [0x00000000c0000000,0x00000000c06be3a8,0x00000000c4300000)
 Metaspace       used 24150K, committed 24640K, reserved 1114112K
  class space    used 2463K, committed 2688K, reserved 1048576K
}
Event: 3.616 GC heap after
{Heap after GC invocations=6 (full 1):
 PSYoungGen      total 27648K, used 2285K [0x00000000eab00000, 0x00000000eca80000, 0x0000000100000000)
  eden space 25088K, 0% used [0x00000000eab00000,0x00000000eab00000,0x00000000ec380000)
  from space 2560K, 89% used [0x00000000ec400000,0x00000000ec63b4d0,0x00000000ec680000)
  to   space 3584K, 0% used [0x00000000ec700000,0x00000000ec700000,0x00000000eca80000)
 ParOldGen       total 68608K, used 6912K [0x00000000c0000000, 0x00000000c4300000, 0x00000000eab00000)
  object space 68608K, 10% used [0x00000000c0000000,0x00000000c06c03a8,0x00000000c4300000)
 Metaspace       used 24150K, committed 24640K, reserved 1114112K
  class space    used 2463K, committed 2688K, reserved 1048576K
}
Event: 3.944 GC heap before
{Heap before GC invocations=7 (full 1):
 PSYoungGen      total 27648K, used 27260K [0x00000000eab00000, 0x00000000eca80000, 0x0000000100000000)
  eden space 25088K, 99% used [0x00000000eab00000,0x00000000ec363c28,0x00000000ec380000)
  from space 2560K, 89% used [0x00000000ec400000,0x00000000ec63b4d0,0x00000000ec680000)
  to   space 3584K, 0% used [0x00000000ec700000,0x00000000ec700000,0x00000000eca80000)
 ParOldGen       total 68608K, used 6912K [0x00000000c0000000, 0x00000000c4300000, 0x00000000eab00000)
  object space 68608K, 10% used [0x00000000c0000000,0x00000000c06c03a8,0x00000000c4300000)
 Metaspace       used 28236K, committed 28736K, reserved 1114112K
  class space    used 2771K, committed 3008K, reserved 1048576K
}
Event: 3.946 GC heap after
{Heap after GC invocations=7 (full 1):
 PSYoungGen      total 27136K, used 2104K [0x00000000eab00000, 0x00000000ec980000, 0x0000000100000000)
  eden space 24576K, 0% used [0x00000000eab00000,0x00000000eab00000,0x00000000ec300000)
  from space 2560K, 82% used [0x00000000ec700000,0x00000000ec90e370,0x00000000ec980000)
  to   space 2560K, 0% used [0x00000000ec480000,0x00000000ec480000,0x00000000ec700000)
 ParOldGen       total 68608K, used 6912K [0x00000000c0000000, 0x00000000c4300000, 0x00000000eab00000)
  object space 68608K, 10% used [0x00000000c0000000,0x00000000c06c03a8,0x00000000c4300000)
 Metaspace       used 28236K, committed 28736K, reserved 1114112K
  class space    used 2771K, committed 3008K, reserved 1048576K
}

Dll operation events (10 events):
Event: 0.030 Loaded shared library c:\Users\hp5cd\.vscode\extensions\redhat.java-1.37.0-win32-x64\jre\17.0.13-win32-x86_64\bin\java.dll
Event: 0.874 Loaded shared library c:\Users\hp5cd\.vscode\extensions\redhat.java-1.37.0-win32-x64\jre\17.0.13-win32-x86_64\bin\zip.dll
Event: 0.875 Loaded shared library C:\Users\hp5cd\.vscode\extensions\redhat.java-1.37.0-win32-x64\jre\17.0.13-win32-x86_64\bin\instrument.dll
Event: 0.882 Loaded shared library C:\Users\hp5cd\.vscode\extensions\redhat.java-1.37.0-win32-x64\jre\17.0.13-win32-x86_64\bin\net.dll
Event: 0.884 Loaded shared library C:\Users\hp5cd\.vscode\extensions\redhat.java-1.37.0-win32-x64\jre\17.0.13-win32-x86_64\bin\nio.dll
Event: 0.888 Loaded shared library C:\Users\hp5cd\.vscode\extensions\redhat.java-1.37.0-win32-x64\jre\17.0.13-win32-x86_64\bin\zip.dll
Event: 0.918 Loaded shared library C:\Users\hp5cd\.vscode\extensions\redhat.java-1.37.0-win32-x64\jre\17.0.13-win32-x86_64\bin\jimage.dll
Event: 0.966 Loaded shared library c:\Users\hp5cd\.vscode\extensions\redhat.java-1.37.0-win32-x64\jre\17.0.13-win32-x86_64\bin\verify.dll
Event: 2.351 Loaded shared library C:\Users\hp5cd\AppData\Roaming\Code\User\globalStorage\redhat.java\1.37.0\config_ss_win\org.eclipse.equinox.launcher\org.eclipse.equinox.launcher.win32.win32.x86_64_1.2.1100.v20240722-2106\eclipse_11904.dll
Event: 3.320 Loaded shared library C:\Users\hp5cd\AppData\Local\Temp\jna-99436878\jna10713419801503608230.dll

Deoptimization events (20 events):
Event: 4.227 Thread 0x00000226e3680010 DEOPT PACKING pc=0x00000226cb98b713 sp=0x00000091a4bf8110
Event: 4.227 Thread 0x00000226e3680010 DEOPT UNPACKING pc=0x00000226d2de6e43 sp=0x00000091a4bf7630 mode 0
Event: 4.241 Thread 0x00000226e3680010 DEOPT PACKING pc=0x00000226cb9910fe sp=0x00000091a4bf8280
Event: 4.241 Thread 0x00000226e3680010 DEOPT UNPACKING pc=0x00000226d2de6e43 sp=0x00000091a4bf7778 mode 0
Event: 4.243 Thread 0x00000226e3680010 DEOPT PACKING pc=0x00000226cb9910fe sp=0x00000091a4bf8280
Event: 4.243 Thread 0x00000226e3680010 DEOPT UNPACKING pc=0x00000226d2de6e43 sp=0x00000091a4bf7778 mode 0
Event: 4.244 Thread 0x00000226e3680010 DEOPT PACKING pc=0x00000226cb9910fe sp=0x00000091a4bf8280
Event: 4.244 Thread 0x00000226e3680010 DEOPT UNPACKING pc=0x00000226d2de6e43 sp=0x00000091a4bf7778 mode 0
Event: 4.244 Thread 0x00000226e3680010 Uncommon trap: trap_request=0xffffff45 fr.pc=0x00000226d33ff91c relative=0x0000000000000f7c
Event: 4.244 Thread 0x00000226e3680010 Uncommon trap: reason=unstable_if action=reinterpret pc=0x00000226d33ff91c method=java.util.Properties.loadConvert([CIILjava/lang/StringBuilder;)Ljava/lang/String; @ 463 c2
Event: 4.244 Thread 0x00000226e3680010 DEOPT PACKING pc=0x00000226d33ff91c sp=0x00000091a4bf82b0
Event: 4.244 Thread 0x00000226e3680010 DEOPT UNPACKING pc=0x00000226d2de66a3 sp=0x00000091a4bf8290 mode 2
Event: 4.246 Thread 0x00000226e3680010 Uncommon trap: trap_request=0xffffffc6 fr.pc=0x00000226d33bbdf0 relative=0x0000000000000930
Event: 4.246 Thread 0x00000226e3680010 Uncommon trap: reason=bimorphic_or_optimized_type_check action=maybe_recompile pc=0x00000226d33bbdf0 method=java.util.HashMap.putVal(ILjava/lang/Object;Ljava/lang/Object;ZZ)Ljava/lang/Object; @ 56 c2
Event: 4.246 Thread 0x00000226e3680010 DEOPT PACKING pc=0x00000226d33bbdf0 sp=0x00000091a4bf9c80
Event: 4.246 Thread 0x00000226e3680010 DEOPT UNPACKING pc=0x00000226d2de66a3 sp=0x00000091a4bf9bd8 mode 2
Event: 4.246 Thread 0x00000226e3680010 Uncommon trap: trap_request=0xffffffc6 fr.pc=0x00000226d33bbec4 relative=0x0000000000000a04
Event: 4.246 Thread 0x00000226e3680010 Uncommon trap: reason=bimorphic_or_optimized_type_check action=maybe_recompile pc=0x00000226d33bbec4 method=java.util.HashMap.putVal(ILjava/lang/Object;Ljava/lang/Object;ZZ)Ljava/lang/Object; @ 253 c2
Event: 4.246 Thread 0x00000226e3680010 DEOPT PACKING pc=0x00000226d33bbec4 sp=0x00000091a4bf9bd0
Event: 4.246 Thread 0x00000226e3680010 DEOPT UNPACKING pc=0x00000226d2de66a3 sp=0x00000091a4bf9b50 mode 2

Classes loaded (20 events):
Event: 4.042 Loading class org/w3c/dom/DOMException done
Event: 4.262 Loading class sun/nio/fs/WindowsSecurityDescriptor
Event: 4.281 Loading class sun/nio/fs/WindowsSecurityDescriptor done
Event: 5.292 Loading class java/nio/channels/Channels
Event: 5.292 Loading class java/nio/channels/Channels done
Event: 5.292 Loading class sun/nio/ch/ChannelInputStream
Event: 5.293 Loading class sun/nio/ch/ChannelInputStream done
Event: 5.293 Loading class sun/nio/ch/IOStatus
Event: 5.293 Loading class sun/nio/ch/IOStatus done
Event: 5.293 Loading class java/nio/channels/SelectableChannel
Event: 5.293 Loading class java/nio/channels/SelectableChannel done
Event: 5.293 Loading class sun/nio/ch/Util
Event: 5.293 Loading class sun/nio/ch/Util done
Event: 5.293 Loading class sun/nio/ch/Util$1
Event: 5.294 Loading class sun/nio/ch/Util$1 done
Event: 5.294 Loading class sun/nio/ch/Util$BufferCache
Event: 5.294 Loading class sun/nio/ch/Util$BufferCache done
Event: 5.294 Loading class java/nio/DirectByteBuffer$Deallocator
Event: 5.294 Loading class java/nio/DirectByteBuffer$Deallocator done
Event: 5.295 Loading class com/sun/org/apache/xerces/internal/dom/DeferredDocumentImpl

Classes unloaded (7 events):
Event: 3.176 Thread 0x00000226e1cf0c20 Unloading class 0x000000010021a400 'java/lang/invoke/LambdaForm$MH+0x000000010021a400'
Event: 3.176 Thread 0x00000226e1cf0c20 Unloading class 0x000000010021a000 'java/lang/invoke/LambdaForm$MH+0x000000010021a000'
Event: 3.176 Thread 0x00000226e1cf0c20 Unloading class 0x0000000100219c00 'java/lang/invoke/LambdaForm$MH+0x0000000100219c00'
Event: 3.176 Thread 0x00000226e1cf0c20 Unloading class 0x0000000100219800 'java/lang/invoke/LambdaForm$MH+0x0000000100219800'
Event: 3.176 Thread 0x00000226e1cf0c20 Unloading class 0x0000000100219400 'java/lang/invoke/LambdaForm$BMH+0x0000000100219400'
Event: 3.176 Thread 0x00000226e1cf0c20 Unloading class 0x0000000100219000 'java/lang/invoke/LambdaForm$DMH+0x0000000100219000'
Event: 3.176 Thread 0x00000226e1cf0c20 Unloading class 0x0000000100214400 'java/lang/invoke/LambdaForm$DMH+0x0000000100214400'

Classes redefined (0 events):
No events

Internal exceptions (20 events):
Event: 3.046 Thread 0x00000226e3680010 Exception <a 'java/io/FileNotFoundException'{0x00000000ec35e870}> (0x00000000ec35e870) 
thrown [s\src\hotspot\share\prims\jni.cpp, line 516]
Event: 3.098 Thread 0x00000226e3680010 Exception <a 'java/lang/NoSuchMethodError'{0x00000000ead3d518}: 'java.lang.Object java.lang.invoke.DirectMethodHandle$Holder.newInvokeSpecial(java.lang.Object, java.lang.Object, java.lang.Object, java.lang.Object, java.lang.Object)'> (0x00000000ead3d518) 
thrown [s\src\hotspot\share\interpreter\linkResolver.cpp, line 759]
Event: 3.125 Thread 0x00000226e3680010 Exception <a 'java/lang/NoSuchMethodError'{0x00000000eaf051c8}: 'java.lang.Object java.lang.invoke.DirectMethodHandle$Holder.invokeStaticInit(java.lang.Object, int)'> (0x00000000eaf051c8) 
thrown [s\src\hotspot\share\interpreter\linkResolver.cpp, line 759]
Event: 3.204 Thread 0x00000226e3680010 Exception <a 'java/lang/NoSuchMethodError'{0x00000000eab6a180}: 'java.lang.Object java.lang.invoke.DirectMethodHandle$Holder.invokeStaticInit(java.lang.Object, int, int, int, int)'> (0x00000000eab6a180) 
thrown [s\src\hotspot\share\interpreter\linkResolver.cpp, line 759]
Event: 3.297 Thread 0x00000226e3680010 Exception <a 'java/lang/NoSuchMethodError'{0x00000000ead069b8}: 'java.lang.Object java.lang.invoke.DirectMethodHandle$Holder.invokeStaticInit(java.lang.Object, java.lang.Object, int, int, int, int)'> (0x00000000ead069b8) 
thrown [s\src\hotspot\share\interpreter\linkResolver.cpp, line 759]
Event: 3.359 Thread 0x00000226e3680010 Exception <a 'java/lang/NoSuchMethodError'{0x00000000eb0073d0}: 'java.lang.Object java.lang.invoke.DirectMethodHandle$Holder.invokeSpecial(java.lang.Object, java.lang.Object, java.lang.Object, long, java.lang.Object)'> (0x00000000eb0073d0) 
thrown [s\src\hotspot\share\interpreter\linkResolver.cpp, line 759]
Event: 3.359 Thread 0x00000226e3680010 Exception <a 'java/lang/NoSuchMethodError'{0x00000000eb00f588}: 'java.lang.Object java.lang.invoke.DirectMethodHandle$Holder.newInvokeSpecial(java.lang.Object, java.lang.Object, java.lang.Object, long)'> (0x00000000eb00f588) 
thrown [s\src\hotspot\share\interpreter\linkResolver.cpp, line 759]
Event: 3.359 Thread 0x00000226e3680010 Exception <a 'java/lang/NoSuchMethodError'{0x00000000eb013b28}: 'java.lang.Object java.lang.invoke.DirectMethodHandle$Holder.invokeSpecial(java.lang.Object, java.lang.Object, java.lang.Object, java.lang.Object, long)'> (0x00000000eb013b28) 
thrown [s\src\hotspot\share\interpreter\linkResolver.cpp, line 759]
Event: 3.360 Thread 0x00000226e3680010 Exception <a 'java/lang/NoSuchMethodError'{0x00000000eb0179a0}: 'java.lang.Object java.lang.invoke.Invokers$Holder.linkToTargetMethod(java.lang.Object, java.lang.Object, long, java.lang.Object)'> (0x00000000eb0179a0) 
thrown [s\src\hotspot\share\interpreter\linkResolver.cpp, line 759]
Event: 3.365 Thread 0x00000226e3680010 Exception <a 'java/lang/NoSuchMethodError'{0x00000000eb06b5a0}: 'int java.lang.invoke.DirectMethodHandle$Holder.invokeStaticInit(java.lang.Object, java.lang.Object, java.lang.Object)'> (0x00000000eb06b5a0) 
thrown [s\src\hotspot\share\interpreter\linkResolver.cpp, line 759]
Event: 3.394 Thread 0x00000226e3680010 Exception <a 'java/lang/IncompatibleClassChangeError'{0x00000000eb2b84d0}: Found class java.lang.Object, but interface was expected> (0x00000000eb2b84d0) 
thrown [s\src\hotspot\share\interpreter\linkResolver.cpp, line 826]
Event: 3.397 Thread 0x00000226e3680010 Exception <a 'java/lang/NoSuchMethodError'{0x00000000eb2cb368}: 'java.lang.Object java.lang.invoke.DirectMethodHandle$Holder.invokeSpecial(java.lang.Object, java.lang.Object, java.lang.Object, int, java.lang.Object, java.lang.Object)'> (0x00000000eb2cb368) 
thrown [s\src\hotspot\share\interpreter\linkResolver.cpp, line 759]
Event: 3.398 Thread 0x00000226e3680010 Exception <a 'java/lang/NoSuchMethodError'{0x00000000eb2d3d60}: 'java.lang.Object java.lang.invoke.DirectMethodHandle$Holder.newInvokeSpecial(java.lang.Object, java.lang.Object, java.lang.Object, int, java.lang.Object)'> (0x00000000eb2d3d60) 
thrown [s\src\hotspot\share\interpreter\linkResolver.cpp, line 759]
Event: 3.398 Thread 0x00000226e3680010 Exception <a 'java/lang/NoSuchMethodError'{0x00000000eb2d81b8}: 'java.lang.Object java.lang.invoke.DirectMethodHandle$Holder.invokeSpecial(java.lang.Object, java.lang.Object, java.lang.Object, java.lang.Object, int, java.lang.Object)'> (0x00000000eb2d81b8) 
thrown [s\src\hotspot\share\interpreter\linkResolver.cpp, line 759]
Event: 3.399 Thread 0x00000226e2e7b0e0 Exception <a 'java/lang/NoSuchMethodError'{0x00000000eb077cc0}: 'java.lang.Object java.lang.invoke.DirectMethodHandle$Holder.invokeSpecial(java.lang.Object, java.lang.Object, int, java.lang.Object, java.lang.Object)'> (0x00000000eb077cc0) 
thrown [s\src\hotspot\share\interpreter\linkResolver.cpp, line 759]
Event: 3.400 Thread 0x00000226e2e7b0e0 Exception <a 'java/lang/NoSuchMethodError'{0x00000000eb07f390}: 'java.lang.Object java.lang.invoke.DirectMethodHandle$Holder.newInvokeSpecial(java.lang.Object, java.lang.Object, int, java.lang.Object)'> (0x00000000eb07f390) 
thrown [s\src\hotspot\share\interpreter\linkResolver.cpp, line 759]
Event: 3.400 Thread 0x00000226e2e7b0e0 Exception <a 'java/lang/NoSuchMethodError'{0x00000000eb082ea0}: 'java.lang.Object java.lang.invoke.DirectMethodHandle$Holder.invokeSpecial(java.lang.Object, java.lang.Object, java.lang.Object, int, java.lang.Object)'> (0x00000000eb082ea0) 
thrown [s\src\hotspot\share\interpreter\linkResolver.cpp, line 759]
Event: 3.450 Thread 0x00000226e3680010 Exception <a 'java/lang/NoSuchMethodError'{0x00000000eb6ca300}: 'double java.lang.invoke.DirectMethodHandle$Holder.invokeStatic(java.lang.Object, java.lang.Object)'> (0x00000000eb6ca300) 
thrown [s\src\hotspot\share\interpreter\linkResolver.cpp, line 759]
Event: 3.450 Thread 0x00000226e3680010 Exception <a 'java/lang/NoSuchMethodError'{0x00000000eb6cdc18}: 'double java.lang.invoke.DirectMethodHandle$Holder.invokeStaticInit(java.lang.Object, java.lang.Object)'> (0x00000000eb6cdc18) 
thrown [s\src\hotspot\share\interpreter\linkResolver.cpp, line 759]
Event: 3.798 Thread 0x00000226e3680010 Implicit null exception at 0x00000226d3420148 to 0x00000226d3420208

VM Operations (20 events):
Event: 3.052 Executing VM operation: ParallelGCFailedAllocation
Event: 3.056 Executing VM operation: ParallelGCFailedAllocation done
Event: 3.170 Executing VM operation: CollectForMetadataAllocation
Event: 3.192 Executing VM operation: CollectForMetadataAllocation done
Event: 3.214 Executing VM operation: HandshakeAllThreads
Event: 3.214 Executing VM operation: HandshakeAllThreads done
Event: 3.325 Executing VM operation: HandshakeAllThreads
Event: 3.325 Executing VM operation: HandshakeAllThreads done
Event: 3.369 Executing VM operation: HandshakeAllThreads
Event: 3.369 Executing VM operation: HandshakeAllThreads done
Event: 3.385 Executing VM operation: HandshakeAllThreads
Event: 3.385 Executing VM operation: HandshakeAllThreads done
Event: 3.614 Executing VM operation: ParallelGCFailedAllocation
Event: 3.616 Executing VM operation: ParallelGCFailedAllocation done
Event: 3.944 Executing VM operation: ParallelGCFailedAllocation
Event: 3.946 Executing VM operation: ParallelGCFailedAllocation done
Event: 4.236 Executing VM operation: HandshakeAllThreads
Event: 4.237 Executing VM operation: HandshakeAllThreads done
Event: 5.236 Executing VM operation: Cleanup
Event: 5.236 Executing VM operation: Cleanup done

Memory protections (0 events):
No events

Nmethod flushes (0 events):
No events

Events (20 events):
Event: 0.712 Thread 0x00000226c8bce610 Thread added: 0x00000226e1d49780
Event: 0.713 Thread 0x00000226c8bce610 Thread added: 0x00000226e1db2030
Event: 0.805 Thread 0x00000226c8bce610 Thread added: 0x00000226c8c34a50
Event: 0.966 Thread 0x00000226e1d49780 Thread added: 0x00000226e20322d0
Event: 0.991 Thread 0x00000226e1d49780 Thread added: 0x00000226e20327f0
Event: 1.015 Thread 0x00000226c8bce610 Thread added: 0x00000226e20b5630
Event: 1.731 Thread 0x00000226e20327f0 Thread exited: 0x00000226e20327f0
Event: 2.051 Thread 0x00000226c8bce610 Thread added: 0x00000226e3702340
Event: 2.150 Thread 0x00000226e1d49780 Thread added: 0x00000226e36fd180
Event: 2.318 Thread 0x00000226c8bce610 Thread added: 0x00000226e3634860
Event: 2.349 Thread 0x00000226c8bce610 Thread added: 0x00000226e3680010
Event: 2.407 Thread 0x00000226e3680010 Thread added: 0x00000226e3851900
Event: 2.449 Thread 0x00000226e36fd180 Thread exited: 0x00000226e36fd180
Event: 2.572 Thread 0x00000226e3680010 Thread added: 0x00000226e385a1f0
Event: 2.599 Thread 0x00000226e20322d0 Thread exited: 0x00000226e20322d0
Event: 2.845 Thread 0x00000226e3680010 Thread added: 0x00000226e2e79790
Event: 3.298 Thread 0x00000226e1d49780 Thread added: 0x00000226e391c9c0
Event: 3.332 Thread 0x00000226e3680010 Thread added: 0x00000226e2e79ca0
Event: 3.362 Thread 0x00000226e3680010 Thread added: 0x00000226e2e7b0e0
Event: 3.415 Thread 0x00000226e3680010 Thread added: 0x00000226e2e7a6c0


Dynamic libraries:
0x00007ff6e8cd0000 - 0x00007ff6e8cde000 	c:\Users\hp5cd\.vscode\extensions\redhat.java-1.37.0-win32-x64\jre\17.0.13-win32-x86_64\bin\java.exe
0x00007ffe7e3d0000 - 0x00007ffe7e5e7000 	C:\windows\SYSTEM32\ntdll.dll
0x00007ffe7ca30000 - 0x00007ffe7caf4000 	C:\windows\System32\KERNEL32.DLL
0x00007ffe7bd20000 - 0x00007ffe7c0da000 	C:\windows\System32\KERNELBASE.dll
0x00007ffe7bc00000 - 0x00007ffe7bd11000 	C:\windows\System32\ucrtbase.dll
0x00007ffe5d7a0000 - 0x00007ffe5d7be000 	c:\Users\hp5cd\.vscode\extensions\redhat.java-1.37.0-win32-x64\jre\17.0.13-win32-x86_64\bin\VCRUNTIME140.dll
0x00007ffe72900000 - 0x00007ffe72917000 	c:\Users\hp5cd\.vscode\extensions\redhat.java-1.37.0-win32-x64\jre\17.0.13-win32-x86_64\bin\jli.dll
0x00007ffe7ded0000 - 0x00007ffe7e07e000 	C:\windows\System32\USER32.dll
0x00007ffe7bbd0000 - 0x00007ffe7bbf6000 	C:\windows\System32\win32u.dll
0x00007ffe7e260000 - 0x00007ffe7e289000 	C:\windows\System32\GDI32.dll
0x00007ffe57de0000 - 0x00007ffe58072000 	C:\windows\WinSxS\amd64_microsoft.windows.common-controls_6595b64144ccf1df_6.0.22621.4541_none_2710d1c57384c085\COMCTL32.dll
0x00007ffe7ba00000 - 0x00007ffe7bb1b000 	C:\windows\System32\gdi32full.dll
0x00007ffe7c0e0000 - 0x00007ffe7c187000 	C:\windows\System32\msvcrt.dll
0x00007ffe7b8a0000 - 0x00007ffe7b93a000 	C:\windows\System32\msvcp_win.dll
0x00007ffe7e200000 - 0x00007ffe7e231000 	C:\windows\System32\IMM32.DLL
0x00007ffe72e30000 - 0x00007ffe72e3c000 	c:\Users\hp5cd\.vscode\extensions\redhat.java-1.37.0-win32-x64\jre\17.0.13-win32-x86_64\bin\vcruntime140_1.dll
0x00007ffe43760000 - 0x00007ffe437ed000 	c:\Users\hp5cd\.vscode\extensions\redhat.java-1.37.0-win32-x64\jre\17.0.13-win32-x86_64\bin\msvcp140.dll
0x00007ffe09db0000 - 0x00007ffe0aa1b000 	c:\Users\hp5cd\.vscode\extensions\redhat.java-1.37.0-win32-x64\jre\17.0.13-win32-x86_64\bin\server\jvm.dll
0x00007ffe7c190000 - 0x00007ffe7c242000 	C:\windows\System32\ADVAPI32.dll
0x00007ffe7c560000 - 0x00007ffe7c607000 	C:\windows\System32\sechost.dll
0x00007ffe7bba0000 - 0x00007ffe7bbc8000 	C:\windows\System32\bcrypt.dll
0x00007ffe7d380000 - 0x00007ffe7d494000 	C:\windows\System32\RPCRT4.dll
0x00007ffe7ccd0000 - 0x00007ffe7cd41000 	C:\windows\System32\WS2_32.dll
0x00007ffe72c30000 - 0x00007ffe72c64000 	C:\windows\SYSTEM32\WINMM.dll
0x00007ffe7b580000 - 0x00007ffe7b5cd000 	C:\windows\SYSTEM32\POWRPROF.dll
0x00007ffe70e60000 - 0x00007ffe70e6a000 	C:\windows\SYSTEM32\VERSION.dll
0x00007ffe7b4b0000 - 0x00007ffe7b4c3000 	C:\windows\SYSTEM32\UMPDC.dll
0x00007ffe7a6c0000 - 0x00007ffe7a6d8000 	C:\windows\SYSTEM32\kernel.appcore.dll
0x00007ffe5e300000 - 0x00007ffe5e30a000 	c:\Users\hp5cd\.vscode\extensions\redhat.java-1.37.0-win32-x64\jre\17.0.13-win32-x86_64\bin\jimage.dll
0x00007ffe78aa0000 - 0x00007ffe78cd2000 	C:\windows\SYSTEM32\DBGHELP.DLL
0x00007ffe7c610000 - 0x00007ffe7c99f000 	C:\windows\System32\combase.dll
0x00007ffe7c470000 - 0x00007ffe7c547000 	C:\windows\System32\OLEAUT32.dll
0x00007ffe5b020000 - 0x00007ffe5b052000 	C:\windows\SYSTEM32\dbgcore.DLL
0x00007ffe7bb20000 - 0x00007ffe7bb9b000 	C:\windows\System32\bcryptPrimitives.dll
0x00007ffe4ce80000 - 0x00007ffe4ce8e000 	c:\Users\hp5cd\.vscode\extensions\redhat.java-1.37.0-win32-x64\jre\17.0.13-win32-x86_64\bin\instrument.dll
0x00007ffe1ba00000 - 0x00007ffe1ba25000 	c:\Users\hp5cd\.vscode\extensions\redhat.java-1.37.0-win32-x64\jre\17.0.13-win32-x86_64\bin\java.dll
0x00007ffe3e060000 - 0x00007ffe3e078000 	c:\Users\hp5cd\.vscode\extensions\redhat.java-1.37.0-win32-x64\jre\17.0.13-win32-x86_64\bin\zip.dll
0x00007ffe7d650000 - 0x00007ffe7dec8000 	C:\windows\System32\SHELL32.dll
0x00007ffe79560000 - 0x00007ffe79e68000 	C:\windows\SYSTEM32\windows.storage.dll
0x00007ffe79420000 - 0x00007ffe7955f000 	C:\windows\SYSTEM32\wintypes.dll
0x00007ffe7e290000 - 0x00007ffe7e38a000 	C:\windows\System32\SHCORE.dll
0x00007ffe7c410000 - 0x00007ffe7c46e000 	C:\windows\System32\shlwapi.dll
0x00007ffe7b5e0000 - 0x00007ffe7b60b000 	C:\windows\SYSTEM32\profapi.dll
0x00007ffe3bc50000 - 0x00007ffe3bc69000 	C:\Users\hp5cd\.vscode\extensions\redhat.java-1.37.0-win32-x64\jre\17.0.13-win32-x86_64\bin\net.dll
0x00007ffe77fa0000 - 0x00007ffe780d6000 	C:\windows\SYSTEM32\WINHTTP.dll
0x00007ffe7ab30000 - 0x00007ffe7ab99000 	C:\windows\system32\mswsock.dll
0x00007ffe2e970000 - 0x00007ffe2e986000 	C:\Users\hp5cd\.vscode\extensions\redhat.java-1.37.0-win32-x64\jre\17.0.13-win32-x86_64\bin\nio.dll
0x00007ffe42f00000 - 0x00007ffe42f10000 	c:\Users\hp5cd\.vscode\extensions\redhat.java-1.37.0-win32-x64\jre\17.0.13-win32-x86_64\bin\verify.dll
0x00007ffe4ffc0000 - 0x00007ffe50005000 	C:\Users\hp5cd\AppData\Roaming\Code\User\globalStorage\redhat.java\1.37.0\config_ss_win\org.eclipse.equinox.launcher\org.eclipse.equinox.launcher.win32.win32.x86_64_1.2.1100.v20240722-2106\eclipse_11904.dll
0x00007ffe7d4a0000 - 0x00007ffe7d645000 	C:\windows\System32\ole32.dll
0x00007ffe7ada0000 - 0x00007ffe7adbb000 	C:\windows\SYSTEM32\CRYPTSP.dll
0x00007ffe7a610000 - 0x00007ffe7a645000 	C:\windows\system32\rsaenh.dll
0x00007ffe7ac40000 - 0x00007ffe7ac68000 	C:\windows\SYSTEM32\USERENV.dll
0x00007ffe7adc0000 - 0x00007ffe7adcc000 	C:\windows\SYSTEM32\CRYPTBASE.dll
0x00007ffe7a0d0000 - 0x00007ffe7a0fd000 	C:\windows\SYSTEM32\IPHLPAPI.DLL
0x00007ffe7d200000 - 0x00007ffe7d209000 	C:\windows\System32\NSI.dll
0x00007ffe730c0000 - 0x00007ffe730d9000 	C:\windows\SYSTEM32\dhcpcsvc6.DLL
0x00007ffe73080000 - 0x00007ffe7309f000 	C:\windows\SYSTEM32\dhcpcsvc.DLL
0x00007ffe7a100000 - 0x00007ffe7a202000 	C:\windows\SYSTEM32\DNSAPI.dll
0x00007ffe4a280000 - 0x00007ffe4a2c9000 	C:\Users\hp5cd\AppData\Local\Temp\jna-99436878\jna10713419801503608230.dll
0x00007ffe7d1f0000 - 0x00007ffe7d1f8000 	C:\windows\System32\PSAPI.DLL

dbghelp: loaded successfully - version: 4.0.5 - missing functions: none
symbol engine: initialized successfully - sym options: 0x614 - pdb path: .;c:\Users\hp5cd\.vscode\extensions\redhat.java-1.37.0-win32-x64\jre\17.0.13-win32-x86_64\bin;C:\windows\SYSTEM32;C:\windows\WinSxS\amd64_microsoft.windows.common-controls_6595b64144ccf1df_6.0.22621.4541_none_2710d1c57384c085;c:\Users\hp5cd\.vscode\extensions\redhat.java-1.37.0-win32-x64\jre\17.0.13-win32-x86_64\bin\server;C:\Users\hp5cd\AppData\Roaming\Code\User\globalStorage\redhat.java\1.37.0\config_ss_win\org.eclipse.equinox.launcher\org.eclipse.equinox.launcher.win32.win32.x86_64_1.2.1100.v20240722-2106;C:\Users\hp5cd\AppData\Local\Temp\jna-99436878

VM Arguments:
jvm_args: --add-modules=ALL-SYSTEM --add-opens=java.base/java.util=ALL-UNNAMED --add-opens=java.base/java.lang=ALL-UNNAMED --add-opens=java.base/sun.nio.fs=ALL-UNNAMED -Declipse.application=org.eclipse.jdt.ls.core.id1 -Dosgi.bundles.defaultStartLevel=4 -Declipse.product=org.eclipse.jdt.ls.core.product -Djava.import.generatesMetadataFilesAtProjectRoot=false -DDetectVMInstallationsJob.disabled=true -Dfile.encoding=utf8 -XX:+UseParallelGC -XX:GCTimeRatio=4 -XX:AdaptiveSizePolicyWeight=90 -Dsun.zip.disableMemoryMapping=true -Xmx1G -Xms100m -Xlog:disable -javaagent:c:\Users\hp5cd\.vscode\extensions\redhat.java-1.37.0-win32-x64\lombok\lombok-1.18.34.jar 
java_command: c:\Users\hp5cd\.vscode\extensions\redhat.java-1.37.0-win32-x64\server\plugins\org.eclipse.equinox.launcher_1.6.900.v20240613-2009.jar -configuration c:\Users\hp5cd\AppData\Roaming\Code\User\globalStorage\redhat.java\1.37.0\config_ss_win -data c:\Users\hp5cd\AppData\Roaming\Code\User\workspaceStorage\14ee11fea7738b3807014670cc13a576\redhat.java\ss_ws --pipe=\\.\pipe\lsp-80172e36af69725e79a868bbac7cdba6-sock
java_class_path (initial): c:\Users\hp5cd\.vscode\extensions\redhat.java-1.37.0-win32-x64\server\plugins\org.eclipse.equinox.launcher_1.6.900.v20240613-2009.jar
Launcher Type: SUN_STANDARD

[Global flags]
    uintx AdaptiveSizePolicyWeight                 = 90                                        {product} {command line}
     intx CICompilerCount                          = 4                                         {product} {ergonomic}
    uintx GCTimeRatio                              = 4                                         {product} {command line}
   size_t InitialHeapSize                          = 104857600                                 {product} {command line}
   size_t MaxHeapSize                              = 1073741824                                {product} {command line}
   size_t MaxNewSize                               = 357564416                                 {product} {ergonomic}
   size_t MinHeapDeltaBytes                        = 524288                                    {product} {ergonomic}
   size_t MinHeapSize                              = 104857600                                 {product} {command line}
   size_t NewSize                                  = 34603008                                  {product} {ergonomic}
    uintx NonNMethodCodeHeapSize                   = 5839372                                {pd product} {ergonomic}
    uintx NonProfiledCodeHeapSize                  = 122909434                              {pd product} {ergonomic}
   size_t OldSize                                  = 70254592                                  {product} {ergonomic}
    uintx ProfiledCodeHeapSize                     = 122909434                              {pd product} {ergonomic}
    uintx ReservedCodeCacheSize                    = 251658240                              {pd product} {ergonomic}
     bool SegmentedCodeCache                       = true                                      {product} {ergonomic}
   size_t SoftMaxHeapSize                          = 1073741824                             {manageable} {ergonomic}
     bool UseCompressedClassPointers               = true                           {product lp64_product} {ergonomic}
     bool UseCompressedOops                        = true                           {product lp64_product} {ergonomic}
     bool UseLargePagesIndividualAllocation        = false                                  {pd product} {ergonomic}
     bool UseParallelGC                            = true                                      {product} {command line}

Logging:
Log output configuration:
 #0: stdout all=off uptime,level,tags
 #1: stderr all=off uptime,level,tags

Environment Variables:
PATH=C:\Program Files\Semeru\jdk-21.0.4.7-openj9\bin;C:\Python312\Scripts\;C:\Python312\;C:\Python311\Scripts\;C:\Python311\;C:\Program Files\Common Files\Oracle\Java\javapath;C:\windows\system32;C:\windows;C:\windows\System32\Wbem;C:\windows\System32\WindowsPowerShell\v1.0\;C:\windows\System32\OpenSSH\;C:\Program Files\Go\bin;C:\Program Files\Go;C:\ProgramData\chocolatey\bin;C:\Program Files\MySQL\MySQL Server 8.0\bin;C:\Users\hp5cd\AppData\Roaming\Python\Python311\Scripts;C:\MinGW\bin;C:\Program Files\nodejs\;C:\Program Files\Tesseract-OCR;C:\Program Files\Git\cmd;C:\Program Files\MySQL\MySQL Shell 8.0\bin\;C:\Users\hp5cd\AppData\Local\Microsoft\WindowsApps;C:\Users\hp5cd\AppData\Local\Programs\Microsoft VS Code\bin;C:\Users\hp5cd\go\bin;C:\Program Files\JetBrains\IntelliJ IDEA Community Edition 2023.2.3\bin;C:\Users\hp5cd\AppData\Local\Microsoft\WinGet\Packages\Schniz.fnm_Microsoft.Winget.Source_8wekyb3d8bbwe;C:\Users\hp5cd\AppData\Roaming\npm;C:\Users\hp5cd\AppData\Local\JetBrains\Toolbox\scripts;
USERNAME=hp5cd
OS=Windows_NT
PROCESSOR_IDENTIFIER=Intel64 Family 6 Model 154 Stepping 4, GenuineIntel
TMP=C:\Users\hp5cd\AppData\Local\Temp
TEMP=C:\Users\hp5cd\AppData\Local\Temp



Periodic native trim disabled


---------------  S Y S T E M  ---------------

OS:
 Windows 11 , 64 bit Build 22621 (10.0.22621.4391)
OS uptime: 2 days 22:00 hours
Hyper-V role detected

CPU: total 8 (initial active 8) (4 cores per cpu, 2 threads per core) family 6 model 154 stepping 4 microcode 0x432, cx8, cmov, fxsr, ht, mmx, 3dnowpref, sse, sse2, sse3, ssse3, sse4.1, sse4.2, popcnt, lzcnt, tsc, tscinvbit, avx, avx2, aes, erms, clmul, bmi1, bmi2, adx, sha, fma, vzeroupper, clflush, clflushopt, clwb, hv
Processor Information for processor 0
  Max Mhz: 1200, Current Mhz: 1200, Mhz Limit: 1200
Processor Information for processor 1
  Max Mhz: 1200, Current Mhz: 1200, Mhz Limit: 1200
Processor Information for processor 2
  Max Mhz: 1200, Current Mhz: 1200, Mhz Limit: 1200
Processor Information for processor 3
  Max Mhz: 1200, Current Mhz: 1200, Mhz Limit: 1200
Processor Information for processor 4
  Max Mhz: 1200, Current Mhz: 900, Mhz Limit: 900
Processor Information for processor 5
  Max Mhz: 1200, Current Mhz: 900, Mhz Limit: 900
Processor Information for processor 6
  Max Mhz: 1200, Current Mhz: 900, Mhz Limit: 900
Processor Information for processor 7
  Max Mhz: 1200, Current Mhz: 900, Mhz Limit: 900

Memory: 4k page, system-wide physical 16055M (849M free)
TotalPageFile size 21134M (AvailPageFile size 4M)
current process WorkingSet (physical memory assigned to process): 135M, peak: 136M
current process commit charge ("private bytes"): 242M, peak: 243M

vm_info: OpenJDK 64-Bit Server VM (17.0.13+11) for windows-amd64 JRE (17.0.13+11), built on Oct 16 2024 00:10:08 by "admin" with MS VC++ 17.7 (VS2022)

END.
